2026-05-27 11:35:06,779 [INFO] ============================================================
2026-05-27 11:35:06,779 [INFO]   LANCEMENT HEBDOMADAIRE AUTOMATIQUE
2026-05-27 11:35:06,795 [INFO]   Wednesday 27/05/2026 11:35
2026-05-27 11:35:06,795 [INFO] ============================================================
2026-05-27 11:35:06,795 [INFO] [1/6] Lecture configuration athlete...
2026-05-27 11:35:07,270 [INFO]       Athlete : Luka
2026-05-27 11:35:07,270 [INFO]       Poids   : 80.0 kg
2026-05-27 11:35:07,270 [INFO] [2/6] Calcul calories...
2026-05-27 11:35:07,270 [INFO] [3/6] Calcul macros...
2026-05-27 11:35:07,286 [INFO] [4/6] Construction planning semaine...
2026-05-27 11:35:07,301 [INFO] [5/6] Generation des repas...
2026-05-27 11:35:07,347 [INFO]       Recettes trouvees : 0/12
2026-05-27 11:35:07,347 [WARNING]       Recettes non trouvees : 12
2026-05-27 11:35:07,347 [INFO] [6/6] Export vers Excel...
2026-05-27 11:35:07,524 [ERROR] ERREUR : [Errno 13] Permission denied: 'C:\\Users\\segouin\\Luka_adv\\TESTS\\Nutrition\\optimisation\\data\\athlete_config.xlsx'
Traceback (most recent call last):
  File "C:\Users\segouin\Luka_adv\TESTS\Nutrition\scripts\run_weekly.py", line 83, in main
    ecrire_resultats_excel(resultats, config, planning_semaine)
  File "C:\Users\segouin\Luka_adv\TESTS\Nutrition\optimisation\excel\writer.py", line 682, in ecrire_resultats_excel
    wb.save(EXCEL_CONFIG_PATH)
  File "C:\Users\segouin\Luka_adv\TESTS\Nutrition\.venv\Lib\site-packages\openpyxl\workbook\workbook.py", line 386, in save
    save_workbook(self, filename)
  File "C:\Users\segouin\Luka_adv\TESTS\Nutrition\.venv\Lib\site-packages\openpyxl\writer\excel.py", line 291, in save_workbook
    archive = ZipFile(filename, 'w', ZIP_DEFLATED, allowZip64=True)
              ^^^^^^^^^^^^^^^^^^^^^^^^^^^^^^^^^^^^^^^^^^^^^^^^^^^^^
  File "C:\Users\segouin\AppData\Local\Programs\Python\Python311\Lib\zipfile.py", line 1294, in __init__
    self.fp = io.open(file, filemode)
              ^^^^^^^^^^^^^^^^^^^^^^^
PermissionError: [Errno 13] Permission denied: 'C:\\Users\\segouin\\Luka_adv\\TESTS\\Nutrition\\optimisation\\data\\athlete_config.xlsx'
2026-05-27 11:36:36,212 [INFO] ============================================================
2026-05-27 11:36:36,212 [INFO]   LANCEMENT HEBDOMADAIRE AUTOMATIQUE
2026-05-27 11:36:36,212 [INFO]   Wednesday 27/05/2026 11:36
2026-05-27 11:36:36,220 [INFO] ============================================================
2026-05-27 11:36:36,220 [INFO] [1/6] Lecture configuration athlete...
2026-05-27 11:36:36,697 [INFO]       Athlete : Luka
2026-05-27 11:36:36,697 [INFO]       Poids   : 80.0 kg
2026-05-27 11:36:36,697 [INFO] [2/6] Calcul calories...
2026-05-27 11:36:36,713 [INFO] [3/6] Calcul macros...
2026-05-27 11:36:36,724 [INFO] [4/6] Construction planning semaine...
2026-05-27 11:36:36,729 [INFO] [5/6] Generation des repas...
2026-05-27 11:36:36,773 [INFO]       Recettes trouvees : 0/12
2026-05-27 11:36:36,773 [WARNING]       Recettes non trouvees : 12
2026-05-27 11:36:36,774 [INFO] [6/6] Export vers Excel...
2026-05-27 11:36:36,993 [INFO] ============================================================
2026-05-27 11:36:36,993 [INFO]   EXECUTION TERMINEE AVEC SUCCES
2026-05-27 11:36:36,993 [INFO] ============================================================
